<?xml version="1.0" encoding="UTF-8"?>
<!-- Generated by org.testng.reporters.JUnitReportReporter -->
<testsuite hostname="IN1LT1593" failures="0" tests="1" name="com.skye.testcases.TSMBTest" time="301.421" errors="0" timestamp="27 Jun 2022 11:10:22 GMT">
  <testcase classname="com.skye.testcases.TSMBTest" name="TSMBEI007_using_excel_between_MultiBrick_NonMultiBrick_serviceAttribute" time="301.421"/>
</testsuite> <!-- com.skye.testcases.TSMBTest -->
