<?xml version="1.0" encoding="UTF-8"?>
<!-- Generated by org.testng.reporters.JUnitReportReporter -->
<testsuite hostname="PSL-5CD15210C0" failures="0" tests="1" name="com.ISCO.testcases.AccountsTC" time="34.044" errors="0" timestamp="14 Nov 2022 17:28:15 GMT">
  <testcase classname="com.ISCO.testcases.AccountsTC" name="AccountTC017" time="34.044"/>
</testsuite> <!-- com.ISCO.testcases.AccountsTC -->
