<?xml version="1.0" encoding="UTF-8"?>
<!-- Generated by org.testng.reporters.JUnitReportReporter -->
<testsuite hostname="IN1LT1593" failures="0" tests="1" name="com.skye.testcases.TSJWTDTest" time="40.784" errors="0" timestamp="27 Jun 2022 11:10:22 GMT">
  <testcase classname="com.skye.testcases.TSJWTDTest" name="TSJWTD008_JWTViaVR_In_ValidSecretKey" time="40.784"/>
</testsuite> <!-- com.skye.testcases.TSJWTDTest -->
