<?xml version="1.0" encoding="UTF-8"?>
<!-- Generated by org.testng.reporters.JUnitReportReporter -->
<testsuite hostname="PSL-5CD15210C0" failures="0" tests="1" name="com.ISCO.testcases.UsersTC" time="20.692" errors="0" timestamp="10 Nov 2022 15:26:00 GMT">
  <testcase classname="com.ISCO.testcases.UsersTC" name="UserTC001" time="20.692"/>
</testsuite> <!-- com.ISCO.testcases.UsersTC -->
